=== 哈吉米3 扩展板 MQTT UI 系统启动 ===
初始化硬件...
GPIO: 初始化成功 (LED:0-2, Beep:6, Buttons:/dev/input/event10)
正在初始化 OLED...
OLED 初始化完成
[THREAD] Initializing all threads...
[DB] Connected to MySQL and tables ready
[EMAIL] Initialized, will send to 2656086785@qq.com at 08:00
[THREAD] Creating EMAIL...
[THREAD] EMAIL created
[THREAD] Creating MQTT...
[EMAIL] Thread started, checking every 30 seconds
[THREAD] MQTT created
[THREAD] Creating DATA-PUBLISH...
[MQTT] Thread started
[THREAD] DATA-PUBLISH created
[THREAD] Creating BUTTON...
[DATA-PUB] Thread started (merged sensor/system/network)
[THREAD] BUTTON created
[THREAD] Creating WEATHER...
[BUTTON] Thread started
GPIO: 已初始化，跳过
[THREAD] WEATHER created
[THREAD] All threads initialized (optimized: 4 threads total)
初始化MQTT...
[WEATHER] Thread started
[WEATHER] Waiting for network ready...
MQTT: 初始化完成，等待网络...
Network: IP ready
MQTT: 初始连接 成功
[UI] System pages registered
[UI] System menu tree created
进入主循环...
Hello from C++! 🚀
=== 哈吉米3 扩展板 MQTT UI 系统启动 ===
初始化硬件...
GPIO: 初始化成功 (LED:0-2, Beep:6, Buttons:/dev/input/event10)
正在初始化 OLED...
OLED 初始化完成
[THREAD] Initializing all threads...
[DB] Connected to MySQL and tables ready
[EMAIL] Initialized, will send to 2656086785@qq.com at 08:00
[THREAD] Creating EMAIL...
[THREAD] EMAIL created
[THREAD] Creating MQTT...
[EMAIL] Thread started, checking every 30 seconds
[THREAD] MQTT created
[THREAD] Creating DATA-PUBLISH...
[MQTT] Thread started
[THREAD] DATA-PUBLISH created
[THREAD] Creating BUTTON...
[DATA-PUB] Thread started (merged sensor/system/network)
[THREAD] BUTTON created
[THREAD] Creating WEATHER...
[BUTTON] Thread started
GPIO: 已初始化，跳过
[THREAD] WEATHER created
[THREAD] All threads initialized (optimized: 4 threads total)
初始化MQTT...
[WEATHER] Thread started
[WEATHER] Waiting for network ready...
MQTT: 初始化完成，等待网络...
Network: IP ready
MQTT: 初始连接 成功
[UI] System pages registered
[UI] System menu tree created
进入主循环...
Hello from C++! 🚀
MQTT: 连接成功
[DB] Saved temp=29.8, humi=57.0
[WEATHER] Network is ready!
[LOCATION] Async done: lat=34.67, lon=112.44, addr=Luoyang, Henan
[WEATHER] Async done: 22.5C, 82.0%, valid=1
DEBUG: Data count=252505, days range=0.00 to 26.06
DEBUG: Temp trend=0.9418 C/day, Humi trend=-2.5673 %/day
[DB] Saved temp=29.8, humi=57.0
【Signal】捕获终止信号: 15
正在退出系统...
清理资源...
MQTT: 断开连接 (code: 0)
Network: IP ready
MQTT: 网络就绪，尝试连接 localhost:1883
MQTT: 连接失败 Invalid function arguments provided.
GPIO: 已清理
系统已安全退出
=== 哈吉米3 扩展板 MQTT UI 系统启动 ===
初始化硬件...
GPIO: 初始化成功 (LED:0-2, Beep:6, Buttons:/dev/input/event10)
正在初始化 OLED...
OLED 初始化完成
[THREAD] Initializing all threads...
[DB] Connected to MySQL and tables ready
[EMAIL] Initialized, will send to 2656086785@qq.com at 08:00
[THREAD] Creating EMAIL...
[THREAD] EMAIL created
[THREAD] Creating MQTT...
[THREAD] MQTT created
[THREAD] Creating DATA-PUBLISH...
[EMAIL] Thread started, checking every 30 seconds
[MQTT] Thread started
[THREAD] DATA-PUBLISH created
[THREAD] Creating BUTTON...
[DATA-PUB] Thread started (merged sensor/system/network)
[THREAD] BUTTON created
[THREAD] Creating WEATHER...
[BUTTON] Thread started
GPIO: 已初始化，跳过
[THREAD] WEATHER created
[THREAD] All threads initialized (optimized: 4 threads total)
初始化MQTT...
[WEATHER] Thread started
[WEATHER] Waiting for network ready...
MQTT: 初始化完成，等待网络...
Network: IP ready
MQTT: 初始连接 成功
MQTT: 连接成功
[DB] Saved temp=29.7, humi=57.0
[UI] System pages registered
[UI] System menu tree created
进入主循环...
Hello from C++! 🚀
[WEATHER] Network is ready!
[LOCATION] Async done: lat=34.67, lon=112.44, addr=Luoyang, Henan
[WEATHER] Async done: 23.1C, 78.0%, valid=1
【Signal】捕获终止信号: 15
正在退出系统...
清理资源...
MQTT: 断开连接 (code: 0)
Network: IP ready
MQTT: 网络就绪，尝试连接 localhost:1883
MQTT: 连接失败 Invalid function arguments provided.
GPIO: 已清理
系统已安全退出
=== 哈吉米3 扩展板 MQTT UI 系统启动 ===
初始化硬件...
GPIO: 初始化成功 (LED:0-2, Beep:6, Buttons:/dev/input/event10)
正在初始化 OLED...
OLED 初始化完成
[THREAD] Initializing all threads...
[DB] Connected to MySQL and tables ready
[EMAIL] Initialized, will send to 2656086785@qq.com at 08:00
[THREAD] Creating EMAIL...
[THREAD] EMAIL created
[THREAD] Creating MQTT...
[EMAIL] Thread started, checking every 30 seconds
[THREAD] MQTT created
[THREAD] Creating DATA-PUBLISH...
[MQTT] Thread started
[THREAD] DATA-PUBLISH created
[THREAD] Creating BUTTON...
[DATA-PUB] Thread started (merged sensor/system/network)
[THREAD] BUTTON created
[THREAD] Creating WEATHER...
[BUTTON] Thread started
GPIO: 已初始化，跳过
[THREAD] WEATHER created
[THREAD] All threads initialized (optimized: 4 threads total)
初始化MQTT...
[WEATHER] Thread started
[WEATHER] Waiting for network ready...
MQTT: 初始化完成，等待网络...
Network: IP ready
MQTT: 初始连接 成功
MQTT: 连接成功
[DB] Saved temp=29.7, humi=57.0
[UI] System pages registered
[UI] System menu tree created
进入主循环...
Hello from C++! 🚀
[WEATHER] Network is ready!
[LOCATION] Async done: lat=34.67, lon=112.44, addr=Luoyang, Henan
[WEATHER] Async done: 23.1C, 78.0%, valid=1
【Signal】捕获终止信号: 15
正在退出系统...
清理资源...
MQTT: 断开连接 (code: 0)
Network: IP ready
MQTT: 网络就绪，尝试连接 localhost:1883
MQTT: 连接失败 Invalid function arguments provided.
GPIO: 已清理
系统已安全退出
=== 哈吉米3 扩展板 MQTT UI 系统启动 ===
初始化硬件...
GPIO: 初始化成功 (LED:0-2, Beep:6, Buttons:/dev/input/event10)
正在初始化 OLED...
OLED 初始化完成
[THREAD] Initializing all threads...
[DB] Connected to MySQL and tables ready
[EMAIL] Initialized, will send to 2656086785@qq.com at 08:00
[THREAD] Creating EMAIL...
[THREAD] EMAIL created
[THREAD] Creating MQTT...
[THREAD] MQTT created
[THREAD] Creating DATA-PUBLISH...
[EMAIL] Thread started, checking every 30 seconds
[THREAD] DATA-PUBLISH created
[THREAD] Creating BUTTON...
[MQTT] Thread started
[THREAD] BUTTON created
[THREAD] Creating WEATHER...
[DATA-PUB] Thread started (merged sensor/system/network)
[BUTTON] Thread started
GPIO: 已初始化，跳过
[THREAD] WEATHER created
[THREAD] All threads initialized (optimized: 4 threads total)
初始化MQTT...
[WEATHER] Thread started
[WEATHER] Waiting for network ready...
MQTT: 初始化完成，等待网络...
Network: IP ready
MQTT: 初始连接 成功
[UI] System pages registered
[UI] System menu tree created
进入主循环...
Hello from C++! 🚀
=== 哈吉米3 扩展板 MQTT UI 系统启动 ===
初始化硬件...
GPIO: 初始化成功 (LED:0-2, Beep:6, Buttons:/dev/input/event10)
正在初始化 OLED...
OLED 初始化完成
[THREAD] Initializing all threads...
[DB] Connected to MySQL and tables ready
[EMAIL] Initialized, will send to 2656086785@qq.com at 08:00
[THREAD] Creating EMAIL...
[THREAD] EMAIL created
[THREAD] Creating MQTT...
[EMAIL] Thread started, checking every 30 seconds
[THREAD] MQTT created
[THREAD] Creating DATA-PUBLISH...
[MQTT] Thread started
[THREAD] DATA-PUBLISH created
[THREAD] Creating BUTTON...
[DATA-PUB] Thread started (merged sensor/system/network)
[THREAD] BUTTON created
[THREAD] Creating WEATHER...
[BUTTON] Thread started
GPIO: 已初始化，跳过
[THREAD] WEATHER created
[THREAD] All threads initialized (optimized: 4 threads total)
初始化MQTT...
[WEATHER] Thread started
[WEATHER] Waiting for network ready...
MQTT: 初始化完成，等待网络...
Network: IP ready
MQTT: 初始连接 成功
[UI] System pages registered
[UI] System menu tree created
进入主循环...
Hello from C++! 🚀
=== 哈吉米3 扩展板 MQTT UI 系统启动 ===
初始化硬件...
GPIO: 初始化成功 (LED:0-2, Beep:6, Buttons:/dev/input/event10)
正在初始化 OLED...
OLED 初始化完成
[THREAD] Initializing all threads...
[DB] Connected to MySQL and tables ready
[EMAIL] Initialized, will send to 2656086785@qq.com at 08:00
[THREAD] Creating EMAIL...
[THREAD] EMAIL created
[THREAD] Creating MQTT...
[EMAIL] Thread started, checking every 30 seconds
[THREAD] MQTT created
[THREAD] Creating DATA-PUBLISH...
[MQTT] Thread started
[THREAD] DATA-PUBLISH created
[THREAD] Creating BUTTON...
[DATA-PUB] Thread started (merged sensor/system/network)
[THREAD] BUTTON created
[THREAD] Creating WEATHER...
[BUTTON] Thread started
GPIO: 已初始化，跳过
[THREAD] WEATHER created
[THREAD] All threads initialized (optimized: 4 threads total)
初始化MQTT...
[WEATHER] Thread started
[WEATHER] Waiting for network ready...
MQTT: 初始化完成，等待网络...
Network: IP ready
MQTT: 初始连接 成功
[UI] System pages registered
[UI] System menu tree created
进入主循环...
Hello from C++! 🚀
MQTT: 连接成功
[DB] Saved temp=29.8, humi=57.0
[WEATHER] Network is ready!
[LOCATION] Async done: lat=34.67, lon=112.44, addr=Luoyang, Henan
[WEATHER] Async done: 23.4C, 76.0%, valid=1
【Signal】捕获终止信号: 15
正在退出系统...
清理资源...
MQTT: 断开连接 (code: 0)
Network: IP ready
MQTT: 网络就绪，尝试连接 localhost:1883
MQTT: 连接失败 Invalid function arguments provided.
GPIO: 已清理
系统已安全退出
=== 哈吉米3 扩展板 MQTT UI 系统启动 ===
初始化硬件...
GPIO: 初始化成功 (LED:0-2, Beep:6, Buttons:/dev/input/event10)
正在初始化 OLED...
OLED 初始化完成
[THREAD] Initializing all threads...
[DB] Connected to MySQL and tables ready
[EMAIL] Initialized, will send to 2656086785@qq.com at 08:00
[THREAD] Creating EMAIL...
[EMAIL] Thread started, checking every 30 seconds
[THREAD] EMAIL created
[THREAD] Creating MQTT...
[THREAD] MQTT created
[THREAD] Creating DATA-PUBLISH...
[MQTT] Thread started
[THREAD] DATA-PUBLISH created
[THREAD] Creating BUTTON...
[DATA-PUB] Thread started (merged sensor/system/network)
[THREAD] BUTTON created
[THREAD] Creating WEATHER...
[BUTTON] Thread started
GPIO: 已初始化，跳过
[THREAD] WEATHER created
[THREAD] All threads initialized (optimized: 4 threads total)
初始化MQTT...
[WEATHER] Thread started
[WEATHER] Waiting for network ready...
MQTT: 初始化完成，等待网络...
Network: IP ready
MQTT: 初始连接 成功
MQTT: 连接成功
[DB] Saved temp=30.0, humi=57.0
[UI] System pages registered
[UI] System menu tree created
进入主循环...
Hello from C++! 🚀
=== 哈吉米3 扩展板 MQTT UI 系统启动 ===
初始化硬件...
GPIO: 初始化成功 (LED:0-2, Beep:6, Buttons:/dev/input/event10)
正在初始化 OLED...
OLED 初始化完成
[THREAD] Initializing all threads...
[DB] Connected to MySQL and tables ready
[EMAIL] Initialized, will send to 2656086785@qq.com at 08:00
[THREAD] Creating EMAIL...
[THREAD] EMAIL created
[THREAD] Creating MQTT...
[THREAD] MQTT created
[THREAD] Creating DATA-PUBLISH...
[EMAIL] Thread started, checking every 30 seconds
[THREAD] DATA-PUBLISH created
[THREAD] Creating BUTTON...
[MQTT] Thread started
[THREAD] BUTTON created
[THREAD] Creating WEATHER...
[DATA-PUB] Thread started (merged sensor/system/network)
[BUTTON] Thread started
GPIO: 已初始化，跳过
[THREAD] WEATHER created
[THREAD] All threads initialized (optimized: 4 threads total)
初始化MQTT...
[WEATHER] Thread started
[WEATHER] Waiting for network ready...
MQTT: 初始化完成，等待网络...
Network: IP ready
MQTT: 初始连接 成功
[UI] System pages registered
[UI] System menu tree created
进入主循环...
Hello from C++! 🚀
MQTT: 连接成功
[DB] Saved temp=29.8, humi=57.0
[WEATHER] Network is ready!
[LOCATION] Async done: lat=34.67, lon=112.44, addr=Luoyang, Henan
[WEATHER] Async done: 23.4C, 76.0%, valid=1
【Signal】捕获终止信号: 15
正在退出系统...
清理资源...
MQTT: 断开连接 (code: 0)
Network: IP ready
MQTT: 网络就绪，尝试连接 localhost:1883
MQTT: 连接失败 Invalid function arguments provided.
GPIO: 已清理
系统已安全退出
=== 哈吉米3 扩展板 MQTT UI 系统启动 ===
初始化硬件...
GPIO: 初始化成功 (LED:0-2, Beep:6, Buttons:/dev/input/event10)
正在初始化 OLED...
OLED 初始化完成
[THREAD] Initializing all threads...
[DB] Connected to MySQL and tables ready
[EMAIL] Initialized, will send to 2656086785@qq.com at 08:00
[THREAD] Creating EMAIL...
[THREAD] EMAIL created
[THREAD] Creating MQTT...
[THREAD] MQTT created
[THREAD] Creating DATA-PUBLISH...
[EMAIL] Thread started, checking every 30 seconds
[MQTT] Thread started
[THREAD] DATA-PUBLISH created
[THREAD] Creating BUTTON...
[THREAD] BUTTON created
[DATA-PUB] Thread started (merged sensor/system/network)
[THREAD] Creating WEATHER...
[BUTTON] Thread started
GPIO: 已初始化，跳过
[THREAD] WEATHER created
[THREAD] All threads initialized (optimized: 4 threads total)
初始化MQTT...
[WEATHER] Thread started
[WEATHER] Waiting for network ready...
MQTT: 初始化完成，等待网络...
Network: IP ready
MQTT: 初始连接 成功
[UI] System pages registered
[UI] System menu tree created
进入主循环...
Hello from C++! 🚀
MQTT: 连接成功
[DB] Saved temp=29.7, humi=57.0
[WEATHER] Network is ready!
[LOCATION] Async done: lat=34.67, lon=112.44, addr=Luoyang, Henan
[WEATHER] Async done: 23.4C, 76.0%, valid=1
【Signal】捕获终止信号: 15
正在退出系统...
清理资源...
MQTT: 断开连接 (code: 0)
Network: IP ready
MQTT: 网络就绪，尝试连接 localhost:1883
MQTT: 连接失败 Invalid function arguments provided.
GPIO: 已清理
系统已安全退出
=== 哈吉米3 扩展板 MQTT UI 系统启动 ===
初始化硬件...
GPIO: 初始化成功 (LED:0-2, Beep:6, Buttons:/dev/input/event10)
正在初始化 OLED...
OLED 初始化完成
[THREAD] Initializing all threads...
[DB] Connected to MySQL and tables ready
[EMAIL] Initialized, will send to 2656086785@qq.com at 08:00
[THREAD] Creating EMAIL...
[THREAD] EMAIL created
[THREAD] Creating MQTT...
[EMAIL] Thread started, checking every 30 seconds
[THREAD] MQTT created
[THREAD] Creating DATA-PUBLISH...
[MQTT] Thread started
[THREAD] DATA-PUBLISH created
[THREAD] Creating BUTTON...
[DATA-PUB] Thread started (merged sensor/system/network)
[THREAD] BUTTON created
[THREAD] Creating WEATHER...
[BUTTON] Thread started
GPIO: 已初始化，跳过
[THREAD] WEATHER created
[THREAD] All threads initialized (optimized: 4 threads total)
初始化MQTT...
[WEATHER] Thread started
[WEATHER] Waiting for network ready...
MQTT: 初始化完成，等待网络...
Network: IP ready
MQTT: 初始连接 成功
[UI] System pages registered
[UI] System menu tree created
进入主循环...
Hello from C++! 🚀
MQTT: 连接成功
[DB] Saved temp=29.8, humi=57.0
[WEATHER] Network is ready!
[LOCATION] Async done: lat=34.67, lon=112.44, addr=Luoyang, Henan
[WEATHER] Async done: 23.6C, 74.0%, valid=1
【Signal】捕获终止信号: 15
正在退出系统...
清理资源...
MQTT: 断开连接 (code: 0)
Network: IP ready
MQTT: 网络就绪，尝试连接 localhost:1883
MQTT: 连接失败 Invalid function arguments provided.
GPIO: 已清理
系统已安全退出
=== 哈吉米3 扩展板 MQTT UI 系统启动 ===
初始化硬件...
GPIO: 初始化成功 (LED:0-2, Beep:6, Buttons:/dev/input/event10)
正在初始化 OLED...
OLED 初始化完成
[THREAD] Initializing all threads...
[DB] Connected to MySQL and tables ready
[EMAIL] Initialized, will send to 2656086785@qq.com at 08:00
[THREAD] Creating EMAIL...
[THREAD] EMAIL created
[THREAD] Creating MQTT...
[THREAD] MQTT created
[THREAD] Creating DATA-PUBLISH...
[MQTT] Thread started
[EMAIL] Thread started, checking every 30 seconds
[THREAD] DATA-PUBLISH created
[THREAD] Creating BUTTON...
[DATA-PUB] Thread started (merged sensor/system/network)
[THREAD] BUTTON created
[THREAD] Creating WEATHER...
[BUTTON] Thread started
GPIO: 已初始化，跳过
[THREAD] WEATHER created
[THREAD] All threads initialized (optimized: 4 threads total)
初始化MQTT...
[WEATHER] Thread started
[WEATHER] Waiting for network ready...
MQTT: 初始化完成，等待网络...
Network: IP ready
MQTT: 初始连接 成功
[UI] System pages registered
[UI] System menu tree created
进入主循环...
Hello from C++! 🚀
=== 哈吉米3 扩展板 MQTT UI 系统启动 ===
初始化硬件...
GPIO: 初始化成功 (LED:0-2, Beep:6, Buttons:/dev/input/event10)
正在初始化 OLED...
OLED 初始化完成
[THREAD] Initializing all threads...
[DB] Connected to MySQL and tables ready
[EMAIL] Initialized, will send to 2656086785@qq.com at 08:00
[THREAD] Creating EMAIL...
[THREAD] EMAIL created
[THREAD] Creating MQTT...
[EMAIL] Thread started, checking every 30 seconds
[THREAD] MQTT created
[THREAD] Creating DATA-PUBLISH...
[MQTT] Thread started
[THREAD] DATA-PUBLISH created
[THREAD] Creating BUTTON...
[THREAD] BUTTON created
[THREAD] Creating WEATHER...
[DATA-PUB] Thread started (merged sensor/system/network)
[THREAD] WEATHER created
[THREAD] All threads initialized (optimized: 4 threads total)
初始化MQTT...
[WEATHER] Thread started
[WEATHER] Waiting for network ready...
[BUTTON] Thread started
GPIO: 已初始化，跳过
MQTT: 初始化完成，等待网络...
Network: IP ready
MQTT: 初始连接 成功
[UI] System pages registered
[UI] System menu tree created
进入主循环...
Hello from C++! 🚀
MQTT: 连接成功
[DB] Saved temp=29.6, humi=57.0
[WEATHER] Network is ready!
[LOCATION] Async done: lat=34.67, lon=112.44, addr=Luoyang, Henan
[WEATHER] Async done: 23.6C, 74.0%, valid=1
【Signal】捕获终止信号: 15
正在退出系统...
清理资源...
MQTT: 断开连接 (code: 0)
Network: IP ready
MQTT: 网络就绪，尝试连接 localhost:1883
MQTT: 连接失败 Invalid function arguments provided.
GPIO: 已清理
系统已安全退出
=== 哈吉米3 扩展板 MQTT UI 系统启动 ===
初始化硬件...
GPIO: 初始化成功 (LED:0-2, Beep:6, Buttons:/dev/input/event10)
正在初始化 OLED...
OLED 初始化完成
[THREAD] Initializing all threads...
[DB] Connected to MySQL and tables ready
[EMAIL] Initialized, will send to 2656086785@qq.com at 08:00
[THREAD] Creating EMAIL...
[THREAD] EMAIL created
[THREAD] Creating MQTT...
[THREAD] MQTT created
[THREAD] Creating DATA-PUBLISH...
[EMAIL] Thread started, checking every 30 seconds
[THREAD] DATA-PUBLISH created
[THREAD] Creating BUTTON...
[MQTT] Thread started
[DATA-PUB] Thread started (merged sensor/system/network)
[THREAD] BUTTON created
[THREAD] Creating WEATHER...
[BUTTON] Thread started
GPIO: 已初始化，跳过
[THREAD] WEATHER created
[THREAD] All threads initialized (optimized: 4 threads total)
初始化MQTT...
[WEATHER] Thread started
[WEATHER] Waiting for network ready...
MQTT: 初始化完成，等待网络...
Network: IP ready
MQTT: 初始连接 成功
MQTT: 连接成功
[DB] Saved temp=29.6, humi=57.0
[UI] System pages registered
[UI] System menu tree created
进入主循环...
Hello from C++! 🚀
[WEATHER] Network is ready!
[LOCATION] Async done: lat=34.67, lon=112.44, addr=Luoyang, Henan
[WEATHER] Async done: 23.6C, 74.0%, valid=1
【Signal】捕获终止信号: 15
正在退出系统...
清理资源...
MQTT: 断开连接 (code: 0)
Network: IP ready
MQTT: 网络就绪，尝试连接 localhost:1883
MQTT: 连接失败 Invalid function arguments provided.
GPIO: 已清理
系统已安全退出
=== 哈吉米3 扩展板 MQTT UI 系统启动 ===
初始化硬件...
GPIO: 初始化成功 (LED:0-2, Beep:6, Buttons:/dev/input/event10)
正在初始化 OLED...
OLED 初始化完成
[THREAD] Initializing all threads...
[DB] Connected to MySQL and tables ready
[EMAIL] Initialized, will send to 2656086785@qq.com at 08:00
[THREAD] Creating EMAIL...
[THREAD] EMAIL created
[THREAD] Creating MQTT...
[EMAIL] Thread started, checking every 30 seconds
[THREAD] MQTT created
[THREAD] Creating DATA-PUBLISH...
[MQTT] Thread started
[THREAD] DATA-PUBLISH created
[THREAD] Creating BUTTON...
[DATA-PUB] Thread started (merged sensor/system/network)
[THREAD] BUTTON created
[THREAD] Creating WEATHER...
[BUTTON] Thread started
GPIO: 已初始化，跳过
[THREAD] WEATHER created
[THREAD] All threads initialized (optimized: 4 threads total)
初始化MQTT...
[WEATHER] Thread started
[WEATHER] Waiting for network ready...
MQTT: 初始化完成，等待网络...
Network: IP ready
MQTT: 初始连接 成功
[UI] System pages registered
[UI] System menu tree created
进入主循环...
Hello from C++! 🚀
MQTT: 连接成功
[DB] Saved temp=29.6, humi=57.0
[WEATHER] Network is ready!
[LOCATION] Async done: lat=34.67, lon=112.44, addr=Luoyang, Henan
[WEATHER] Async done: 23.6C, 74.0%, valid=1
【Signal】捕获终止信号: 15
正在退出系统...
清理资源...
MQTT: 断开连接 (code: 0)
Network: IP ready
MQTT: 网络就绪，尝试连接 localhost:1883
MQTT: 连接失败 Invalid function arguments provided.
GPIO: 已清理
系统已安全退出
=== 哈吉米3 扩展板 MQTT UI 系统启动 ===
初始化硬件...
GPIO: 初始化成功 (LED:0-2, Beep:6, Buttons:/dev/input/event10)
正在初始化 OLED...
OLED 初始化完成
[THREAD] Initializing all threads...
[DB] Connected to MySQL and tables ready
[EMAIL] Initialized, will send to 2656086785@qq.com at 08:00
[THREAD] Creating EMAIL...
[THREAD] EMAIL created
[THREAD] Creating MQTT...
[THREAD] MQTT created
[THREAD] Creating DATA-PUBLISH...
[EMAIL] Thread started, checking every 30 seconds
[MQTT] Thread started
[THREAD] DATA-PUBLISH created
[THREAD] Creating BUTTON...
[DATA-PUB] Thread started (merged sensor/system/network)
[THREAD] BUTTON created
[THREAD] Creating WEATHER...
[BUTTON] Thread started
GPIO: 已初始化，跳过
[THREAD] WEATHER created
[THREAD] All threads initialized (optimized: 4 threads total)
初始化MQTT...
[WEATHER] Thread started
[WEATHER] Waiting for network ready...
MQTT: 初始化完成，等待网络...
Network: IP ready
MQTT: 初始连接 成功
[UI] System pages registered
[UI] System menu tree created
进入主循环...
Hello from C++! 🚀
MQTT: 连接成功
[DB] Saved temp=29.7, humi=57.0
[WEATHER] Network is ready!
[LOCATION] Async done: lat=34.67, lon=112.44, addr=Luoyang, Henan
【Signal】捕获终止信号: 15
正在退出系统...
[WEATHER] Async done: 23.6C, 74.0%, valid=1
清理资源...
MQTT: 断开连接 (code: 0)
Network: IP ready
MQTT: 网络就绪，尝试连接 localhost:1883
MQTT: 连接失败 Invalid function arguments provided.
GPIO: 已清理
系统已安全退出
=== 哈吉米3 扩展板 MQTT UI 系统启动 ===
初始化硬件...
GPIO: 初始化成功 (LED:0-2, Beep:6, Buttons:/dev/input/event10)
正在初始化 OLED...
OLED 初始化完成
[THREAD] Initializing all threads...
[DB] Connected to MySQL and tables ready
[EMAIL] Initialized, will send to 2656086785@qq.com at 08:00
[THREAD] Creating EMAIL...
[THREAD] EMAIL created
[THREAD] Creating MQTT...
[EMAIL] Thread started, checking every 30 seconds
[THREAD] MQTT created
[THREAD] Creating DATA-PUBLISH...
[MQTT] Thread started
[THREAD] DATA-PUBLISH created
[THREAD] Creating BUTTON...
[THREAD] BUTTON created
[THREAD] Creating WEATHER...
[DATA-PUB] Thread started (merged sensor/system/network)
[BUTTON] Thread started
GPIO: 已初始化，跳过
[THREAD] WEATHER created
[THREAD] All threads initialized (optimized: 4 threads total)
初始化MQTT...
[WEATHER] Thread started
[WEATHER] Waiting for network ready...
MQTT: 初始化完成，等待网络...
Network: IP ready
MQTT: 初始连接 成功
[UI] System pages registered
[UI] System menu tree created
进入主循环...
Hello from C++! 🚀
MQTT: 连接成功
[DB] Saved temp=29.7, humi=57.0
[WEATHER] Network is ready!
[LOCATION] Async done: lat=34.67, lon=112.44, addr=Luoyang, Henan
[WEATHER] Async done: 23.6C, 74.0%, valid=1
【Signal】捕获终止信号: 15
正在退出系统...
清理资源...
MQTT: 断开连接 (code: 0)
Network: IP ready
MQTT: 网络就绪，尝试连接 localhost:1883
MQTT: 连接失败 Invalid function arguments provided.
GPIO: 已清理
系统已安全退出
=== 哈吉米3 扩展板 MQTT UI 系统启动 ===
初始化硬件...
GPIO: 初始化成功 (LED:0-2, Beep:6, Buttons:/dev/input/event10)
正在初始化 OLED...
OLED 初始化完成
[THREAD] Initializing all threads...
[DB] Connected to MySQL and tables ready
[EMAIL] Initialized, will send to 2656086785@qq.com at 08:00
[THREAD] Creating EMAIL...
[THREAD] EMAIL created
[THREAD] Creating MQTT...
[EMAIL] Thread started, checking every 30 seconds
[THREAD] MQTT created
[THREAD] Creating DATA-PUBLISH...
[THREAD] DATA-PUBLISH created
[THREAD] Creating BUTTON...
[MQTT] Thread started
[DATA-PUB] Thread started (merged sensor/system/network)
[THREAD] BUTTON created
[THREAD] Creating WEATHER...
[BUTTON] Thread started
GPIO: 已初始化，跳过
[THREAD] WEATHER created
[THREAD] All threads initialized (optimized: 4 threads total)
初始化MQTT...
[WEATHER] Thread started
[WEATHER] Waiting for network ready...
MQTT: 初始化完成，等待网络...
Network: IP ready
MQTT: 初始连接 成功
[UI] System pages registered
[UI] System menu tree created
进入主循环...
Hello from C++! 🚀
MQTT: 连接成功
[DB] Saved temp=29.8, humi=57.0
[WEATHER] Network is ready!
[LOCATION] Async done: lat=34.67, lon=112.44, addr=Luoyang, Henan
[WEATHER] Async done: 23.6C, 74.0%, valid=1
【Signal】捕获终止信号: 15
正在退出系统...
清理资源...
MQTT: 断开连接 (code: 0)
Network: IP ready
MQTT: 网络就绪，尝试连接 localhost:1883
MQTT: 连接失败 Invalid function arguments provided.
GPIO: 已清理
系统已安全退出
=== 哈吉米3 扩展板 MQTT UI 系统启动 ===
初始化硬件...
GPIO: 初始化成功 (LED:0-2, Beep:6, Buttons:/dev/input/event10)
正在初始化 OLED...
OLED 初始化完成
[THREAD] Initializing all threads...
[DB] Connected to MySQL and tables ready
[EMAIL] Initialized, will send to 2656086785@qq.com at 08:00
[THREAD] Creating EMAIL...
[THREAD] EMAIL created
[THREAD] Creating MQTT...
[THREAD] MQTT created
[THREAD] Creating DATA-PUBLISH...
[EMAIL] Thread started, checking every 30 seconds
[THREAD] DATA-PUBLISH created
[THREAD] Creating BUTTON...
[MQTT] Thread started
[THREAD] BUTTON created
[THREAD] Creating WEATHER...
[DATA-PUB] Thread started (merged sensor/system/network)
[BUTTON] Thread started
GPIO: 已初始化，跳过
[THREAD] WEATHER created
[THREAD] All threads initialized (optimized: 4 threads total)
初始化MQTT...
[WEATHER] Thread started
[WEATHER] Waiting for network ready...
MQTT: 初始化完成，等待网络...
Network: IP ready
MQTT: 初始连接 成功
[UI] System pages registered
[UI] System menu tree created
进入主循环...
Hello from C++! 🚀
=== 哈吉米3 扩展板 MQTT UI 系统启动 ===
初始化硬件...
GPIO: 初始化成功 (LED:0-2, Beep:6, Buttons:/dev/input/event10)
正在初始化 OLED...
OLED 初始化完成
[THREAD] Initializing all threads...
[DB] Connected to MySQL and tables ready
[EMAIL] Initialized, will send to 2656086785@qq.com at 08:00
[THREAD] Creating EMAIL...
[THREAD] EMAIL created
[THREAD] Creating MQTT...
[THREAD] MQTT created
[THREAD] Creating DATA-PUBLISH...
[THREAD] DATA-PUBLISH created
[THREAD] Creating BUTTON...
[MQTT] Thread started
[THREAD] BUTTON created
[THREAD] Creating WEATHER...
[EMAIL] Thread started, checking every 30 seconds
[DATA-PUB] Thread started (merged sensor/system/network)
[BUTTON] Thread started
GPIO: 已初始化，跳过
[THREAD] WEATHER created
[THREAD] All threads initialized (optimized: 4 threads total)
初始化MQTT...
[WEATHER] Thread started
[WEATHER] Waiting for network ready...
MQTT: 初始化完成，等待网络...
Network: IP ready
MQTT: 初始连接 成功
[UI] System pages registered
[UI] System menu tree created
进入主循环...
Hello from C++! 🚀
MQTT: 连接成功
[DB] Saved temp=29.6, humi=57.0
[WEATHER] Network is ready!
[LOCATION] Async done: lat=34.67, lon=112.44, addr=Luoyang, Henan
[WEATHER] Async done: 23.8C, 73.0%, valid=1
[DB] Saved temp=29.4, humi=57.0
【Signal】捕获终止信号: 15
正在退出系统...
清理资源...
MQTT: 断开连接 (code: 0)
Network: IP ready
MQTT: 网络就绪，尝试连接 localhost:1883
MQTT: 连接失败 Invalid function arguments provided.
GPIO: 已清理
系统已安全退出
=== 哈吉米3 扩展板 MQTT UI 系统启动 ===
初始化硬件...
GPIO: 初始化成功 (LED:0-2, Beep:6, Buttons:/dev/input/event10)
正在初始化 OLED...
OLED 初始化完成
[THREAD] Initializing all threads...
[DB] Connected to MySQL and tables ready
[EMAIL] Initialized, will send to 2656086785@qq.com at 08:00
[THREAD] Creating EMAIL...
[THREAD] EMAIL created
[THREAD] Creating MQTT...
[EMAIL] Thread started, checking every 30 seconds
[THREAD] MQTT created
[THREAD] Creating DATA-PUBLISH...
[THREAD] DATA-PUBLISH created
[THREAD] Creating BUTTON...
[DATA-PUB] Thread started (merged sensor/system/network)
[MQTT] Thread started
[THREAD] BUTTON created
[THREAD] Creating WEATHER...
[BUTTON] Thread started
GPIO: 已初始化，跳过
[THREAD] WEATHER created
[THREAD] All threads initialized (optimized: 4 threads total)
初始化MQTT...
[WEATHER] Thread started
[WEATHER] Waiting for network ready...
MQTT: 初始化完成，等待网络...
Network: IP ready
MQTT: 初始连接 成功
[UI] System pages registered
[UI] System menu tree created
进入主循环...
Hello from C++! 🚀
MQTT: 连接成功
[DB] Saved temp=29.4, humi=58.0
[WEATHER] Network is ready!
[LOCATION] Async done: lat=34.67, lon=112.44, addr=Luoyang, Henan
[WEATHER] Async done: 24.1C, 71.0%, valid=1
【Signal】捕获终止信号: 15
正在退出系统...
清理资源...
MQTT: 断开连接 (code: 0)
Network: IP ready
MQTT: 网络就绪，尝试连接 localhost:1883
MQTT: 连接失败 Invalid function arguments provided.
GPIO: 已清理
系统已安全退出
=== 哈吉米3 扩展板 MQTT UI 系统启动 ===
初始化硬件...
GPIO: 初始化成功 (LED:0-2, Beep:6, Buttons:/dev/input/event10)
正在初始化 OLED...
OLED 初始化完成
[THREAD] Initializing all threads...
[DB] Connected to MySQL and tables ready
[EMAIL] Initialized, will send to 2656086785@qq.com at 08:00
[THREAD] Creating EMAIL...
[THREAD] EMAIL created
[THREAD] Creating MQTT...
[THREAD] MQTT created
[THREAD] Creating DATA-PUBLISH...
[EMAIL] Thread started, checking every 30 seconds
[MQTT] Thread started
[THREAD] DATA-PUBLISH created
[THREAD] Creating BUTTON...
[DATA-PUB] Thread started (merged sensor/system/network)
[THREAD] BUTTON created
[THREAD] Creating WEATHER...
[BUTTON] Thread started
GPIO: 已初始化，跳过
[THREAD] WEATHER created
[THREAD] All threads initialized (optimized: 4 threads total)
初始化MQTT...
[WEATHER] Thread started
[WEATHER] Waiting for network ready...
MQTT: 初始化完成，等待网络...
Network: IP ready
MQTT: 初始连接 成功
[UI] System pages registered
[UI] System menu tree created
进入主循环...
Hello from C++! 🚀
MQTT: 连接成功
[DB] Saved temp=29.5, humi=58.0
[WEATHER] Network is ready!
[LOCATION] Async done: lat=34.67, lon=112.44, addr=Luoyang, Henan
[WEATHER] Async done: 24.1C, 71.0%, valid=1
【Signal】捕获终止信号: 15
正在退出系统...
清理资源...
MQTT: 断开连接 (code: 0)
Network: IP ready
MQTT: 网络就绪，尝试连接 localhost:1883
MQTT: 连接失败 Invalid function arguments provided.
GPIO: 已清理
系统已安全退出
=== 哈吉米3 扩展板 MQTT UI 系统启动 ===
初始化硬件...
GPIO: 初始化成功 (LED:0-2, Beep:6, Buttons:/dev/input/event10)
正在初始化 OLED...
OLED 初始化完成
[THREAD] Initializing all threads...
[DB] Connected to MySQL and tables ready
[EMAIL] Initialized, will send to 2656086785@qq.com at 08:00
[THREAD] Creating EMAIL...
[THREAD] EMAIL created
[THREAD] Creating MQTT...
[EMAIL] Thread started, checking every 30 seconds
[THREAD] MQTT created
[THREAD] Creating DATA-PUBLISH...
[MQTT] Thread started
[THREAD] DATA-PUBLISH created
[THREAD] Creating BUTTON...
[DATA-PUB] Thread started (merged sensor/system/network)
[THREAD] BUTTON created
[THREAD] Creating WEATHER...
[BUTTON] Thread started
GPIO: 已初始化，跳过
[THREAD] WEATHER created
[THREAD] All threads initialized (optimized: 4 threads total)
初始化MQTT...
[WEATHER] Thread started
[WEATHER] Waiting for network ready...
MQTT: 初始化完成，等待网络...
Network: IP ready
MQTT: 初始连接 成功
[UI] System pages registered
[UI] System menu tree created
进入主循环...
Hello from C++! 🚀
=== 哈吉米3 扩展板 MQTT UI 系统启动 ===
初始化硬件...
GPIO: 初始化成功 (LED:0-2, Beep:6, Buttons:/dev/input/event10)
正在初始化 OLED...
OLED 初始化完成
[THREAD] Initializing all threads...
[DB] Connected to MySQL and tables ready
[EMAIL] Initialized, will send to 2656086785@qq.com at 08:00
[THREAD] Creating EMAIL...
[THREAD] EMAIL created
[THREAD] Creating MQTT...
[EMAIL] Thread started, checking every 30 seconds
[THREAD] MQTT created
[THREAD] Creating DATA-PUBLISH...
[MQTT] Thread started
[THREAD] DATA-PUBLISH created
[THREAD] Creating BUTTON...
[DATA-PUB] Thread started (merged sensor/system/network)
[THREAD] BUTTON created
[THREAD] Creating WEATHER...
[BUTTON] Thread started
GPIO: 已初始化，跳过
[THREAD] WEATHER created
[THREAD] All threads initialized (optimized: 4 threads total)
初始化MQTT...
[WEATHER] Thread started
[WEATHER] Waiting for network ready...
MQTT: 初始化完成，等待网络...
Network: IP ready
MQTT: 初始连接 成功
[UI] System pages registered
[UI] System menu tree created
进入主循环...
Hello from C++! 🚀
MQTT: 连接成功
[DB] Saved temp=29.7, humi=57.0
[WEATHER] Network is ready!
[LOCATION] Async done: lat=34.67, lon=112.44, addr=Luoyang, Henan
[WEATHER] Async done: 24.3C, 70.0%, valid=1
【Signal】捕获终止信号: 15
正在退出系统...
清理资源...
MQTT: 断开连接 (code: 0)
Network: IP ready
MQTT: 网络就绪，尝试连接 localhost:1883
MQTT: 连接失败 Invalid function arguments provided.
GPIO: 已清理
系统已安全退出
=== 哈吉米3 扩展板 MQTT UI 系统启动 ===
初始化硬件...
GPIO: 初始化成功 (LED:0-2, Beep:6, Buttons:/dev/input/event10)
正在初始化 OLED...
OLED 初始化完成
[THREAD] Initializing all threads...
[DB] Connected to MySQL and tables ready
[EMAIL] Initialized, will send to 2656086785@qq.com at 08:00
[THREAD] Creating EMAIL...
[THREAD] EMAIL created
[THREAD] Creating MQTT...
[EMAIL] Thread started, checking every 30 seconds
[THREAD] MQTT created
[THREAD] Creating DATA-PUBLISH...
[MQTT] Thread started
[THREAD] DATA-PUBLISH created
[THREAD] Creating BUTTON...
[DATA-PUB] Thread started (merged sensor/system/network)
[THREAD] BUTTON created
[THREAD] Creating WEATHER...
[BUTTON] Thread started
GPIO: 已初始化，跳过
[THREAD] WEATHER created
[THREAD] All threads initialized (optimized: 4 threads total)
初始化MQTT...
[WEATHER] Thread started
[WEATHER] Waiting for network ready...
MQTT: 初始化完成，等待网络...
Network: IP ready
MQTT: 初始连接 成功
MQTT: 连接成功
[DB] Saved temp=29.6, humi=57.0
[UI] System pages registered
[UI] System menu tree created
进入主循环...
Hello from C++! 🚀
[WEATHER] Network is ready!
[LOCATION] Async done: lat=34.67, lon=112.44, addr=Luoyang, Henan
[WEATHER] Async done: 24.3C, 70.0%, valid=1
【Signal】捕获终止信号: 15
正在退出系统...
清理资源...
MQTT: 断开连接 (code: 0)
Network: IP ready
MQTT: 网络就绪，尝试连接 localhost:1883
MQTT: 连接失败 Invalid function arguments provided.
GPIO: 已清理
系统已安全退出
=== 哈吉米3 扩展板 MQTT UI 系统启动 ===
初始化硬件...
GPIO: 初始化成功 (LED:0-2, Beep:6, Buttons:/dev/input/event10)
正在初始化 OLED...
OLED 初始化完成
[THREAD] Initializing all threads...
[DB] Connected to MySQL and tables ready
[EMAIL] Initialized, will send to 2656086785@qq.com at 08:00
[EMAIL] Report sent successfully to 2656086785@qq.com
[THREAD] Creating EMAIL...
[THREAD] EMAIL created
[THREAD] Creating MQTT...
[EMAIL] Thread started, checking every 30 seconds
[THREAD] MQTT created
[THREAD] Creating DATA-PUBLISH...
[MQTT] Thread started
[THREAD] DATA-PUBLISH created
[THREAD] Creating BUTTON...
[DATA-PUB] Thread started (merged sensor/system/network)
[THREAD] BUTTON created
[THREAD] Creating WEATHER...
[BUTTON] Thread started
GPIO: 已初始化，跳过
[THREAD] WEATHER created
[THREAD] All threads initialized (optimized: 4 threads total)
初始化MQTT...
[WEATHER] Thread started
[WEATHER] Waiting for network ready...
[WEATHER] Network is ready!
MQTT: 初始化完成，等待网络...
Network: IP ready
MQTT: 初始连接 成功
MQTT: 连接成功
[DB] Saved temp=29.6, humi=57.0
[UI] System pages registered
[UI] System menu tree created
进入主循环...
Hello from C++! 🚀
[LOCATION] Async done: lat=34.67, lon=112.44, addr=Luoyang, Henan
[WEATHER] Async done: 24.3C, 70.0%, valid=1
【Signal】捕获终止信号: 15
正在退出系统...
MQTT: 断开连接 (code: 7)
Network: IP ready
MQTT: 网络就绪，尝试连接 localhost:1883
MQTT: 连接失败 Connection refused
清理资源...
GPIO: 已清理
系统已安全退出
[DB] Connect failed: Can't connect to MySQL server on '127.0.0.1:3306' (111)
[DB] Connect failed: Can't connect to MySQL server on '127.0.0.1:3306' (111)
[EMAIL] Failed to get sensor data
=== 哈吉米3 扩展板 MQTT UI 系统启动 ===
初始化硬件...
GPIO: 初始化成功 (LED:0-2, Beep:6, Buttons:/dev/input/event10)
正在初始化 OLED...
OLED 初始化完成
[THREAD] Initializing all threads...
[EMAIL] Initialized, will send to 2656086785@qq.com at 08:00
[THREAD] Creating EMAIL...
[THREAD] EMAIL created
[THREAD] Creating MQTT...
[THREAD] MQTT created
[THREAD] Creating DATA-PUBLISH...
[THREAD] DATA-PUBLISH created
[THREAD] Creating BUTTON...
[THREAD] BUTTON created
[THREAD] Creating WEATHER...
[THREAD] WEATHER created
[THREAD] All threads initialized (optimized: 4 threads total)
初始化MQTT...
MQTT: 初始化完成，等待网络...
[EMAIL] Thread started, checking every 30 seconds
[DATA-PUB] Thread started (merged sensor/system/network)
[MQTT] Thread started
[BUTTON] Thread started
GPIO: 已初始化，跳过
[WEATHER] Thread started
[WEATHER] Waiting for network ready...
[UI] System pages registered
[UI] System menu tree created
进入主循环...
Hello from C++! 🚀
[DB] Connect failed: Can't connect to MySQL server on '127.0.0.1:3306' (111)
MQTT: 等待网络...
Network: IP ready
MQTT: 网络就绪，尝试连接 localhost:1883
MQTT: 连接失败 Connection refused
Network: IP ready
MQTT: 网络就绪，尝试连接 localhost:1883
MQTT: 连接成功
MQTT: 连接成功
[WEATHER] Network is ready!
[LOCATION] Async done: lat=34.67, lon=112.44, addr=Luoyang, Henan
[WEATHER] Async done: 24.6C, 69.0%, valid=1
[DB] Connected to MySQL and tables ready
[DB] Saved temp=29.5, humi=57.0
[DB] Saved temp=29.5, humi=58.0
[LOCATION] Async done: lat=34.67, lon=112.44, addr=Luoyang, Henan
[WEATHER] Async done: 26.1C, 63.0%, valid=1
[DB] Weather saved temp=26.1 humi=63.0 loc=Luoyang, Henan
[WEATHER] Auto refresh and saved (4h interval)
[DB] Saved temp=30.4, humi=56.0
DEBUG: Data count=252534, days range=0.00 to 26.22
DEBUG: Temp trend=0.9006 C/day, Humi trend=-2.4488 %/day
[DB] Saved temp=29.9, humi=57.3
[LOCATION] Async done: lat=34.67, lon=112.44, addr=Luoyang, Henan
[WEATHER] Async done: 27.1C, 60.0%, valid=1
[DB] Weather saved temp=27.1 humi=60.0 loc=Luoyang, Henan
[WEATHER] Auto refresh and saved (4h interval)
[DB] Saved temp=29.8, humi=58.0
[DB] Saved temp=29.8, humi=58.0
[LOCATION] Async done: lat=34.67, lon=112.44, addr=Luoyang, Henan
[WEATHER] Async done: 27.6C, 60.0%, valid=1
[DB] Weather saved temp=27.6 humi=60.0 loc=Luoyang, Henan
[WEATHER] Auto refresh and saved (4h interval)
[DB] Saved temp=29.6, humi=58.0
[DB] Saved temp=30.4, humi=57.0
[WEATHER] Network not ready, auto refresh skipped
[WEATHER] Network not ready, auto refresh skipped
[WEATHER] Network not ready, auto refresh skipped
[WEATHER] Network not ready, auto refresh skipped
[WEATHER] Network not ready, auto refresh skipped
[WEATHER] Network not ready, auto refresh skipped
[WEATHER] Network not ready, auto refresh skipped
[WEATHER] Network not ready, auto refresh skipped
[WEATHER] Network not ready, auto refresh skipped
[WEATHER] Network not ready, auto refresh skipped
[WEATHER] Network not ready, auto refresh skipped
[WEATHER] Network not ready, auto refresh skipped
[WEATHER] Network not ready, auto refresh skipped
[WEATHER] Network not ready, auto refresh skipped
[WEATHER] Network not ready, auto refresh skipped
[WEATHER] Network not ready, auto refresh skipped
[WEATHER] Network not ready, auto refresh skipped
[WEATHER] Network not ready, auto refresh skipped
[WEATHER] Network not ready, auto refresh skipped
[WEATHER] Network not ready, auto refresh skipped
[WEATHER] Network not ready, auto refresh skipped
[WEATHER] Network not ready, auto refresh skipped
[WEATHER] Network not ready, auto refresh skipped
[WEATHER] Network not ready, auto refresh skipped
[WEATHER] Network not ready, auto refresh skipped
[WEATHER] Network not ready, auto refresh skipped
[WEATHER] Network not ready, auto refresh skipped
[WEATHER] Network not ready, auto refresh skipped
[WEATHER] Network not ready, auto refresh skipped
[WEATHER] Network not ready, auto refresh skipped
[WEATHER] Network not ready, auto refresh skipped
[WEATHER] Network not ready, auto refresh skipped
[WEATHER] Network not ready, auto refresh skipped
[WEATHER] Network not ready, auto refresh skipped
[WEATHER] Network not ready, auto refresh skipped
[WEATHER] Network not ready, auto refresh skipped
[WEATHER] Network not ready, auto refresh skipped
[WEATHER] Network not ready, auto refresh skipped
[WEATHER] Network not ready, auto refresh skipped
[WEATHER] Network not ready, auto refresh skipped
[WEATHER] Network not ready, auto refresh skipped
[WEATHER] Network not ready, auto refresh skipped
[WEATHER] Network not ready, auto refresh skipped
[WEATHER] Network not ready, auto refresh skipped
[WEATHER] Network not ready, auto refresh skipped
[WEATHER] Network not ready, auto refresh skipped
[WEATHER] Network not ready, auto refresh skipped
[WEATHER] Network not ready, auto refresh skipped
[WEATHER] Network not ready, auto refresh skipped
[WEATHER] Network not ready, auto refresh skipped
[WEATHER] Network not ready, auto refresh skipped
[LOCATION] Async done: lat=34.67, lon=112.44, addr=Luoyang, Henan
[WEATHER] Async done: 27.6C, 55.0%, valid=1
[DB] Weather sav